<?xml version="1.0" encoding="UTF-8"?>
<!-- Generated by org.testng.reporters.JUnitReportReporter -->
<testsuite skipped="0" hostname="LAPTOP-8GHHT276" name="selenium.Testing1" tests="5" failures="0" timestamp="2020-02-12T20:33:08 EST" time="0.052" errors="0">
  <testcase name="test3" time="0.014" classname="selenium.Testing1"/>
  <testcase name="test2" time="0.009" classname="selenium.Testing1"/>
  <testcase name="test1" time="0.005" classname="selenium.Testing1"/>
  <testcase name="f" time="0.018" classname="selenium.Testing1"/>
  <testcase name="f" time="0.006" classname="selenium.Testing1"/>
</testsuite> <!-- selenium.Testing1 -->
