<?xml version="1.0" encoding="UTF-8"?>
<!-- Generated by org.testng.reporters.JUnitReportReporter -->
<testsuite skipped="0" hostname="LAPTOP-8GHHT276" name="selenium.Testing2" tests="2" failures="0" timestamp="26 Jan 2020 19:21:49 GMT" time="0.000" errors="0">
  <testcase name="test5" time="0.000" classname="selenium.Testing2"/>
  <testcase name="test4" time="0.000" classname="selenium.Testing2"/>
</testsuite> <!-- selenium.Testing2 -->
