<?xml version="1.0" encoding="UTF-8"?>
<!-- Generated by org.testng.reporters.JUnitReportReporter -->
<testsuite skipped="0" hostname="LAPTOP-8GHHT276" name="selenium.LoginTest" tests="2" failures="0" timestamp="2020-02-02T12:19:25 EST" time="22.218" errors="0">
  <testcase name="verifyLoginWithWrongPasswordTest" time="14.138" classname="selenium.LoginTest"/>
  <testcase name="verifyLoginWithWrongEmailTest" time="8.080" classname="selenium.LoginTest"/>
</testsuite> <!-- selenium.LoginTest -->
