<?xml version="1.0" encoding="UTF-8"?>
<!-- Generated by org.testng.reporters.JUnitReportReporter -->
<testsuite skipped="0" hostname="LAPTOP-8GHHT276" name="tests.LoginTest" tests="2" failures="0" timestamp="2020-02-08T16:46:30 EST" time="22.140" errors="0">
  <testcase name="verifyLoginWithWrongPasswordTest" time="13.294" classname="tests.LoginTest"/>
  <testcase name="verifyLoginWithWrongEmailTest" time="8.846" classname="tests.LoginTest"/>
</testsuite> <!-- tests.LoginTest -->
