<?xml version="1.0" encoding="UTF-8"?>
<!-- Generated by org.testng.reporters.JUnitReportReporter -->
<testsuite skipped="0" hostname="LAPTOP-8GHHT276" name="tests.Testing1" tests="5" failures="0" timestamp="08 Feb 2020 18:51:37 GMT" time="0.019" errors="0">
  <testcase name="test1" time="0.000" classname="tests.Testing1"/>
  <testcase name="test2" time="0.000" classname="tests.Testing1"/>
  <testcase name="f" time="0.005" classname="tests.Testing1"/>
  <testcase name="f" time="0.005" classname="tests.Testing1"/>
  <testcase name="test3" time="0.009" classname="tests.Testing1"/>
</testsuite> <!-- tests.Testing1 -->
