<?xml version="1.0" encoding="UTF-8"?>
<!-- Generated by org.testng.reporters.JUnitReportReporter -->
<testsuite skipped="0" hostname="LAPTOP-8GHHT276" name="tests.Testing2" tests="2" failures="0" timestamp="08 Feb 2020 18:51:37 GMT" time="0.000" errors="0">
  <testcase name="test5" time="0.000" classname="tests.Testing2"/>
  <testcase name="test4" time="0.000" classname="tests.Testing2"/>
</testsuite> <!-- tests.Testing2 -->
